[17-Apr-2025 03:58:16 UTC] PHP Fatal error:  Uncaught Error: __VSCODE_LARAVEL_STARTUP_ERROR__: syntax error, unexpected token "<<", expecting "]" in /var/www/html/mblog/vendor/_laravel_ide/discover-1180853afdec2df68b8101f27487d6f9.php:33
Stack trace:
#0 /var/www/html/mblog/vendor/_laravel_ide/discover-1180853afdec2df68b8101f27487d6f9.php(62): LaravelVsCode::startupError()
#1 {main}
  thrown in /var/www/html/mblog/vendor/_laravel_ide/discover-1180853afdec2df68b8101f27487d6f9.php on line 33
[17-Apr-2025 03:58:16 UTC] PHP Fatal error:  Uncaught Error: __VSCODE_LARAVEL_STARTUP_ERROR__: syntax error, unexpected token "<<", expecting "]" in /var/www/html/mblog/vendor/_laravel_ide/discover-d234df6a22ae2b9b097ac6e3772bd950.php:33
Stack trace:
#0 /var/www/html/mblog/vendor/_laravel_ide/discover-d234df6a22ae2b9b097ac6e3772bd950.php(62): LaravelVsCode::startupError()
#1 {main}
  thrown in /var/www/html/mblog/vendor/_laravel_ide/discover-d234df6a22ae2b9b097ac6e3772bd950.php on line 33
[17-Apr-2025 03:58:16 UTC] PHP Fatal error:  Uncaught Error: __VSCODE_LARAVEL_STARTUP_ERROR__: syntax error, unexpected token "<<", expecting "]" in /var/www/html/mblog/vendor/_laravel_ide/discover-5802e590a92e23606bb54d2909564178.php:33
Stack trace:
#0 /var/www/html/mblog/vendor/_laravel_ide/discover-5802e590a92e23606bb54d2909564178.php(62): LaravelVsCode::startupError()
#1 {main}
  thrown in /var/www/html/mblog/vendor/_laravel_ide/discover-5802e590a92e23606bb54d2909564178.php on line 33
[17-Apr-2025 03:58:16 UTC] PHP Fatal error:  Uncaught Error: __VSCODE_LARAVEL_STARTUP_ERROR__: syntax error, unexpected token "<<", expecting "]" in /var/www/html/mblog/vendor/_laravel_ide/discover-67043687ec5f16a5c4357b3dc049d2d5.php:33
Stack trace:
#0 /var/www/html/mblog/vendor/_laravel_ide/discover-67043687ec5f16a5c4357b3dc049d2d5.php(62): LaravelVsCode::startupError()
#1 {main}
  thrown in /var/www/html/mblog/vendor/_laravel_ide/discover-67043687ec5f16a5c4357b3dc049d2d5.php on line 33
[17-Apr-2025 03:58:16 UTC] PHP Fatal error:  Uncaught Error: __VSCODE_LARAVEL_STARTUP_ERROR__: syntax error, unexpected token "<<", expecting "]" in /var/www/html/mblog/vendor/_laravel_ide/discover-1e7ea3cf42a2f9b84f3de09530e2c135.php:33
Stack trace:
#0 /var/www/html/mblog/vendor/_laravel_ide/discover-1e7ea3cf42a2f9b84f3de09530e2c135.php(62): LaravelVsCode::startupError()
#1 {main}
  thrown in /var/www/html/mblog/vendor/_laravel_ide/discover-1e7ea3cf42a2f9b84f3de09530e2c135.php on line 33
[17-Apr-2025 03:58:16 UTC] PHP Fatal error:  Uncaught Error: __VSCODE_LARAVEL_STARTUP_ERROR__: syntax error, unexpected token "<<", expecting "]" in /var/www/html/mblog/vendor/_laravel_ide/discover-6f0f1acd77de9f7869cf9462ed4d802b.php:33
Stack trace:
#0 /var/www/html/mblog/vendor/_laravel_ide/discover-6f0f1acd77de9f7869cf9462ed4d802b.php(62): LaravelVsCode::startupError()
#1 {main}
  thrown in /var/www/html/mblog/vendor/_laravel_ide/discover-6f0f1acd77de9f7869cf9462ed4d802b.php on line 33
[17-Apr-2025 03:58:16 UTC] PHP Fatal error:  Uncaught Error: __VSCODE_LARAVEL_STARTUP_ERROR__: syntax error, unexpected token "<<", expecting "]" in /var/www/html/mblog/vendor/_laravel_ide/discover-7563160ca998bde672640aa1e68dfd08.php:33
Stack trace:
#0 /var/www/html/mblog/vendor/_laravel_ide/discover-7563160ca998bde672640aa1e68dfd08.php(62): LaravelVsCode::startupError()
#1 {main}
  thrown in /var/www/html/mblog/vendor/_laravel_ide/discover-7563160ca998bde672640aa1e68dfd08.php on line 33
[17-Apr-2025 03:58:16 UTC] PHP Fatal error:  Uncaught Error: __VSCODE_LARAVEL_STARTUP_ERROR__: syntax error, unexpected token "<<", expecting "]" in /var/www/html/mblog/vendor/_laravel_ide/discover-320fe5c5b7f0175eae37c44f264ceb08.php:33
Stack trace:
#0 /var/www/html/mblog/vendor/_laravel_ide/discover-320fe5c5b7f0175eae37c44f264ceb08.php(62): LaravelVsCode::startupError()
#1 {main}
  thrown in /var/www/html/mblog/vendor/_laravel_ide/discover-320fe5c5b7f0175eae37c44f264ceb08.php on line 33
[17-Apr-2025 03:58:16 UTC] PHP Fatal error:  Uncaught Error: __VSCODE_LARAVEL_STARTUP_ERROR__: syntax error, unexpected token "<<", expecting "]" in /var/www/html/mblog/vendor/_laravel_ide/discover-ea280fb1636eb761c4fd23f76666e397.php:33
Stack trace:
#0 /var/www/html/mblog/vendor/_laravel_ide/discover-ea280fb1636eb761c4fd23f76666e397.php(62): LaravelVsCode::startupError()
#1 {main}
  thrown in /var/www/html/mblog/vendor/_laravel_ide/discover-ea280fb1636eb761c4fd23f76666e397.php on line 33
[17-Apr-2025 03:58:16 UTC] PHP Fatal error:  Uncaught Error: __VSCODE_LARAVEL_STARTUP_ERROR__: syntax error, unexpected token "<<", expecting "]" in /var/www/html/mblog/vendor/_laravel_ide/discover-31b934f114eabc246b541addb8b458e3.php:33
Stack trace:
#0 /var/www/html/mblog/vendor/_laravel_ide/discover-31b934f114eabc246b541addb8b458e3.php(62): LaravelVsCode::startupError()
#1 {main}
  thrown in /var/www/html/mblog/vendor/_laravel_ide/discover-31b934f114eabc246b541addb8b458e3.php on line 33
[17-Apr-2025 03:58:16 UTC] PHP Fatal error:  Uncaught Error: __VSCODE_LARAVEL_STARTUP_ERROR__: syntax error, unexpected token "<<", expecting "]" in /var/www/html/mblog/vendor/_laravel_ide/discover-77e9e6a2445455b87d4f4cd834e4e23d.php:33
Stack trace:
#0 /var/www/html/mblog/vendor/_laravel_ide/discover-77e9e6a2445455b87d4f4cd834e4e23d.php(62): LaravelVsCode::startupError()
#1 {main}
  thrown in /var/www/html/mblog/vendor/_laravel_ide/discover-77e9e6a2445455b87d4f4cd834e4e23d.php on line 33
[17-Apr-2025 03:58:16 UTC] PHP Fatal error:  Uncaught Error: __VSCODE_LARAVEL_STARTUP_ERROR__: syntax error, unexpected token "<<", expecting "]" in /var/www/html/mblog/vendor/_laravel_ide/discover-9abd86d674d0ba851f4ac7b31349196a.php:33
Stack trace:
#0 /var/www/html/mblog/vendor/_laravel_ide/discover-9abd86d674d0ba851f4ac7b31349196a.php(62): LaravelVsCode::startupError()
#1 {main}
  thrown in /var/www/html/mblog/vendor/_laravel_ide/discover-9abd86d674d0ba851f4ac7b31349196a.php on line 33
[17-Apr-2025 03:58:16 UTC] PHP Fatal error:  Uncaught Error: __VSCODE_LARAVEL_STARTUP_ERROR__: syntax error, unexpected token "<<", expecting "]" in /var/www/html/mblog/vendor/_laravel_ide/discover-476fe65492650d7ce55de1f8f96024c5.php:33
Stack trace:
#0 /var/www/html/mblog/vendor/_laravel_ide/discover-476fe65492650d7ce55de1f8f96024c5.php(62): LaravelVsCode::startupError()
#1 {main}
  thrown in /var/www/html/mblog/vendor/_laravel_ide/discover-476fe65492650d7ce55de1f8f96024c5.php on line 33
